<?xml version="1.0" encoding="UTF-8"?>
<!-- Generated by org.testng.reporters.JUnitReportReporter -->
<testsuite hostname="DESKTOP-3QUUINP" failures="0" tests="1" name="com.Runnerclass.TestCase" time="8.465" errors="0" timestamp="2023-10-11T02:03:51 LINT" skipped="0">
  <testcase classname="com.Runnerclass.TestCase" name="Facebooklogin" time="8.465"/>
</testsuite> <!-- com.Runnerclass.TestCase -->
